1778931473.173 +0.017s [MB] === calypso_machine_init START ===
1778931473.182 +0.025s [SOC] === calypso_soc_realize START ===
1778931473.257 +0.100s [c54x] Loaded ROM: 131168 words from /opt/GSM/calypso_dsp.txt
1778931473.257 +0.100s [c54x] Reset: PC=0xff80 PMST=0xffa8 SP=0x5ac8 prog[PC]=0xf880
1778931473.258 +0.101s [BSP] CALYPSO_RACH_FORCE_BSIC unset → BSIC read from d_rach
1778931473.258 +0.101s [calypso-trx] C54x DSP loaded from /opt/GSM/calypso_dsp.txt
1778931473.260 +0.104s [SOC] === calypso_soc_realize DONE ===
1778931473.311 +0.155s [calypso-trx] CALYPSO_W1C_LATCH=1 (latch on a_sync_SNR snapshot, consume on ARM read)
1778931473.314 +0.158s [c54x] Reset: PC=0xff80 PMST=0xffa8 SP=0x5ac8 prog[PC]=0xf880
1778931473.331 +0.175s [calypso-trx] CALYPSO_DSP_BUDGET = 192000 insn/c54x_run (default 256000)
1778931473.331 +0.175s [c54x] BOOT[1] PC=0xff80 op=0xf880 SP=0x5ac8 PMST=0xffa8
1778931473.331 +0.175s [c54x] BOOT[2] PC=0xb410 op=0x69f8 SP=0x5ac8 PMST=0xffa8
1778931473.331 +0.175s [c54x] BOOT[3] PC=0xb413 op=0x76f8 SP=0x5ac8 PMST=0xffa8
1778931473.331 +0.175s [c54x] BOOT[4] PC=0xb416 op=0x75f8 SP=0x5ac8 PMST=0xffa8
1778931473.331 +0.175s [c54x] BOOT[5] PC=0xb418 op=0xf900 SP=0x5ac8 PMST=0xffa8
1778931473.331 +0.175s [c54x] BOOT[6] PC=0x76f8 op=0x0014 SP=0x5ac7 PMST=0xffa8
1778931473.331 +0.175s [c54x] BOOT[7] PC=0x76f9 op=0x771a SP=0x5ac7 PMST=0xffa8
1778931473.331 +0.175s [c54x] BOOT[8] PC=0x76fb op=0xf272 SP=0x5ac7 PMST=0xffa8
1778931473.331 +0.175s [c54x] BOOT[9] PC=0x76fd op=0xe800 SP=0x5ac7 PMST=0xffa8
1778931473.331 +0.175s [c54x] BOOT[10] PC=0x76fe op=0xf6b9 SP=0x5ac7 PMST=0xffa8
1778931473.331 +0.175s [c54x] BOOT[11] PC=0x76ff op=0x3892 SP=0x5ac7 PMST=0xffa8
1778931473.331 +0.175s [c54x] BOOT[12] PC=0x7700 op=0x3892 SP=0x5ac7 PMST=0xffa8
1778931473.332 +0.175s [c54x] BOOT[13] PC=0x76ff op=0x3892 SP=0x5ac7 PMST=0xffa8
1778931473.332 +0.175s [c54x] BOOT[14] PC=0x7700 op=0x3892 SP=0x5ac7 PMST=0xffa8
1778931473.332 +0.175s [c54x] BOOT[15] PC=0x76ff op=0x3892 SP=0x5ac7 PMST=0xffa8
1778931473.332 +0.175s [c54x] BOOT[16] PC=0x7700 op=0x3892 SP=0x5ac7 PMST=0xffa8
1778931473.332 +0.175s [c54x] BOOT[17] PC=0x76ff op=0x3892 SP=0x5ac7 PMST=0xffa8
1778931473.332 +0.175s [c54x] BOOT[18] PC=0x7700 op=0x3892 SP=0x5ac7 PMST=0xffa8
1778931473.332 +0.175s [c54x] BOOT[19] PC=0x76ff op=0x3892 SP=0x5ac7 PMST=0xffa8
1778931473.332 +0.175s [c54x] BOOT[20] PC=0x7700 op=0x3892 SP=0x5ac7 PMST=0xffa8
1778931473.332 +0.175s [c54x] BOOT[21] PC=0x76ff op=0x3892 SP=0x5ac7 PMST=0xffa8
1778931473.332 +0.175s [c54x] BOOT[22] PC=0x7700 op=0x3892 SP=0x5ac7 PMST=0xffa8
1778931473.332 +0.175s [c54x] BOOT[23] PC=0x76ff op=0x3892 SP=0x5ac7 PMST=0xffa8
1778931473.332 +0.175s [c54x] BOOT[24] PC=0x7700 op=0x3892 SP=0x5ac7 PMST=0xffa8
1778931473.332 +0.175s [c54x] BOOT[25] PC=0x76ff op=0x3892 SP=0x5ac7 PMST=0xffa8
1778931473.332 +0.175s [c54x] BOOT[26] PC=0x7700 op=0x3892 SP=0x5ac7 PMST=0xffa8
1778931473.332 +0.175s [c54x] BOOT[27] PC=0x76ff op=0x3892 SP=0x5ac7 PMST=0xffa8
1778931473.332 +0.175s [c54x] BOOT[28] PC=0x7700 op=0x3892 SP=0x5ac7 PMST=0xffa8
1778931473.332 +0.175s [c54x] BOOT[29] PC=0x76ff op=0x3892 SP=0x5ac7 PMST=0xffa8
1778931473.332 +0.175s [c54x] BOOT[30] PC=0x7700 op=0x3892 SP=0x5ac7 PMST=0xffa8
1778931473.332 +0.175s [c54x] BOOT[31] PC=0x76ff op=0x3892 SP=0x5ac7 PMST=0xffa8
1778931473.332 +0.175s [c54x] BOOT[32] PC=0x7700 op=0x3892 SP=0x5ac7 PMST=0xffa8
1778931473.332 +0.175s [c54x] BOOT[33] PC=0x76ff op=0x3892 SP=0x5ac7 PMST=0xffa8
1778931473.332 +0.175s [c54x] BOOT[34] PC=0x7700 op=0x3892 SP=0x5ac7 PMST=0xffa8
1778931473.332 +0.175s [c54x] BOOT[35] PC=0x76ff op=0x3892 SP=0x5ac7 PMST=0xffa8
1778931473.332 +0.175s [c54x] BOOT[36] PC=0x7700 op=0x3892 SP=0x5ac7 PMST=0xffa8
1778931473.332 +0.175s [c54x] BOOT[37] PC=0x76ff op=0x3892 SP=0x5ac7 PMST=0xffa8
1778931473.332 +0.175s [c54x] BOOT[38] PC=0x7700 op=0x3892 SP=0x5ac7 PMST=0xffa8
1778931473.332 +0.176s [c54x] BOOT[39] PC=0x76ff op=0x3892 SP=0x5ac7 PMST=0xffa8
1778931473.332 +0.176s [c54x] BOOT[40] PC=0x7700 op=0x3892 SP=0x5ac7 PMST=0xffa8
1778931473.332 +0.176s [c54x] BOOT[41] PC=0x76ff op=0x3892 SP=0x5ac7 PMST=0xffa8
1778931473.332 +0.176s [c54x] BOOT[42] PC=0x7700 op=0x3892 SP=0x5ac7 PMST=0xffa8
1778931473.332 +0.176s [c54x] BOOT[43] PC=0x76ff op=0x3892 SP=0x5ac7 PMST=0xffa8
1778931473.332 +0.176s [c54x] BOOT[44] PC=0x7700 op=0x3892 SP=0x5ac7 PMST=0xffa8
1778931473.332 +0.176s [c54x] BOOT[45] PC=0x76ff op=0x3892 SP=0x5ac7 PMST=0xffa8
1778931473.332 +0.176s [c54x] BOOT[46] PC=0x7700 op=0x3892 SP=0x5ac7 PMST=0xffa8
1778931473.332 +0.176s [c54x] BOOT[47] PC=0x76ff op=0x3892 SP=0x5ac7 PMST=0xffa8
1778931473.332 +0.176s [c54x] BOOT[48] PC=0x7700 op=0x3892 SP=0x5ac7 PMST=0xffa8
1778931473.332 +0.176s [c54x] BOOT[49] PC=0x76ff op=0x3892 SP=0x5ac7 PMST=0xffa8
1778931473.332 +0.176s [c54x] BOOT[50] PC=0x7700 op=0x3892 SP=0x5ac7 PMST=0xffa8
1778931477.552 +4.395s [calypso-fbsb] CALYPSO_FBSB_SYNTH=1 (synth, dev-assist path)
1778931477.560 +4.404s [c54x] IRQ #1 vec=19 bit=3: INTM=0 IMR=0x0000 IFR=0x0008 idle=0 PC=0x821a PMST=0xfff8 IPTR=0x1ff
1778931477.565 +4.409s [c54x] IRQ #2 vec=21 bit=5: INTM=1 IMR=0x0000 IFR=0x0028 idle=0 PC=0x820c PMST=0xfff8 IPTR=0x1ff
1778931477.615 +4.459s [c54x] IRQ #3 vec=19 bit=3: INTM=1 IMR=0x0000 IFR=0x0028 idle=0 PC=0x820c PMST=0xfff8 IPTR=0x1ff
1778931477.657 +4.501s [c54x] IRQ #4 vec=19 bit=3: INTM=0 IMR=0x0000 IFR=0x0028 idle=0 PC=0x821a PMST=0xfff8 IPTR=0x1ff
1778931477.816 +4.660s [c54x] IRQ #5 vec=19 bit=3: INTM=0 IMR=0x0000 IFR=0x0028 idle=0 PC=0x8214 PMST=0xfff8 IPTR=0x1ff
1778931477.836 +4.680s [c54x] IRQ #6 vec=19 bit=3: INTM=0 IMR=0x0000 IFR=0x0028 idle=0 PC=0x820c PMST=0xfff8 IPTR=0x1ff
1778931478.475 +5.318s [c54x] IRQ #7 vec=19 bit=3: INTM=1 IMR=0x0000 IFR=0x0028 idle=0 PC=0x821a PMST=0xfff8 IPTR=0x1ff
1778931478.486 +5.329s [c54x] IRQ #8 vec=19 bit=3: INTM=1 IMR=0x0000 IFR=0x0028 idle=0 PC=0x8211 PMST=0xfff8 IPTR=0x1ff
1778931478.500 +5.343s [c54x] IRQ #9 vec=19 bit=3: INTM=0 IMR=0x0000 IFR=0x0028 idle=0 PC=0x8209 PMST=0xfff8 IPTR=0x1ff
1778931478.517 +5.360s [c54x] IRQ #10 vec=19 bit=3: INTM=0 IMR=0x0000 IFR=0x0028 idle=0 PC=0x8214 PMST=0xfff8 IPTR=0x1ff
1778931479.192 +6.035s [c54x] IRQ #11 vec=19 bit=3: INTM=0 IMR=0x0000 IFR=0x0028 idle=0 PC=0x8211 PMST=0xfff8 IPTR=0x1ff
1778931479.205 +6.048s [c54x] IRQ #12 vec=19 bit=3: INTM=0 IMR=0x0000 IFR=0x0028 idle=0 PC=0x8209 PMST=0xfff8 IPTR=0x1ff
1778931479.220 +6.063s [c54x] IRQ #13 vec=19 bit=3: INTM=1 IMR=0x0000 IFR=0x0028 idle=0 PC=0x8214 PMST=0xfff8 IPTR=0x1ff
1778931479.233 +6.076s [c54x] IRQ #14 vec=19 bit=3: INTM=0 IMR=0x0000 IFR=0x0028 idle=0 PC=0x820c PMST=0xfff8 IPTR=0x1ff
1778931479.990 +6.833s [c54x] IRQ #15 vec=19 bit=3: INTM=0 IMR=0x0000 IFR=0x0028 idle=0 PC=0x8214 PMST=0xfff8 IPTR=0x1ff
1778931480.004 +6.847s [c54x] IRQ #16 vec=19 bit=3: INTM=0 IMR=0x0000 IFR=0x0028 idle=0 PC=0x820c PMST=0xfff8 IPTR=0x1ff
1778931480.019 +6.863s [c54x] IRQ #17 vec=19 bit=3: INTM=1 IMR=0x0000 IFR=0x0028 idle=0 PC=0x8217 PMST=0xfff8 IPTR=0x1ff
1778931480.032 +6.875s [c54x] IRQ #18 vec=19 bit=3: INTM=1 IMR=0x0000 IFR=0x0028 idle=0 PC=0x820e PMST=0xfff8 IPTR=0x1ff
1778931480.633 +7.477s [c54x] IRQ #19 vec=19 bit=3: INTM=1 IMR=0x0000 IFR=0x0028 idle=0 PC=0x8217 PMST=0xfff8 IPTR=0x1ff
1778931480.647 +7.491s [c54x] IRQ #20 vec=19 bit=3: INTM=0 IMR=0x0000 IFR=0x0028 idle=0 PC=0x820e PMST=0xfff8 IPTR=0x1ff
1778931490.281 +17.125s [c54x]   ST0=0xc000 ST1=0xbde0 PMST=0xfff8 SP=0x06ed INTM=1
1778931490.281 +17.125s [c54x]   ST0=0xc000 ST1=0xbde0 PMST=0xfff8 SP=0x06ed INTM=1
1778931490.285 +17.128s [c54x] STATE-DUMP insn=500157425 PC=0x820c ST0=0xc000 ST1=0x50bc INTM=0 IMR=0x0000 IFR=0x0020 XPC=3 PMST=0xfff8 SP=0x06ed AR1=0x064c AR2=0x000f BRC=0
1778931494.876 +21.720s [c54x] IRQ #100 vec=19 bit=3: INTM=1 IMR=0x0000 IFR=0x0028 idle=0 PC=0x821a PMST=0xfff8 IPTR=0x1ff
1778931506.832 +33.675s [c54x] STATE-DUMP insn=1000125425 PC=0x820c ST0=0xc000 ST1=0x50bc INTM=0 IMR=0x0000 IFR=0x0028 XPC=3 PMST=0xfff8 SP=0x06ed AR1=0x0524 AR2=0x0007 BRC=0
1778931511.256 +38.099s [c54x] IRQ #200 vec=19 bit=3: INTM=1 IMR=0x0000 IFR=0x0028 idle=0 PC=0x8214 PMST=0xfff8 IPTR=0x1ff
1778931538.073 +64.916s [c54x] STATE-DUMP insn=1500093425 PC=0x820c ST0=0xc000 ST1=0xfde0 INTM=1 IMR=0x0000 IFR=0x0020 XPC=3 PMST=0xfff8 SP=0x06ed AR1=0x047c AR2=0xffff BRC=0
1778931542.694 +69.537s [c54x] IRQ #300 vec=19 bit=3: INTM=1 IMR=0x0000 IFR=0x0028 idle=0 PC=0x821a PMST=0xfff8 IPTR=0x1ff
1778931554.231 +81.075s [c54x] STATE-DUMP insn=2000061425 PC=0x820c ST0=0xc000 ST1=0xfde0 INTM=1 IMR=0x0000 IFR=0x0020 XPC=3 PMST=0xfff8 SP=0x06ed AR1=0x04a2 AR2=0x0010 BRC=0
1778931558.874 +85.718s [c54x] IRQ #400 vec=19 bit=3: INTM=1 IMR=0x0000 IFR=0x0028 idle=0 PC=0x8217 PMST=0xfff8 IPTR=0x1ff
1778931569.599 +96.443s [c54x] STATE-DUMP insn=2500029425 PC=0x820c ST0=0xc000 ST1=0xfde0 INTM=1 IMR=0x0000 IFR=0x0020 XPC=3 PMST=0xfff8 SP=0x06ed AR1=0x038a AR2=0x0008 BRC=0
1778931574.480 +101.323s [c54x] IRQ #500 vec=19 bit=3: INTM=1 IMR=0x0000 IFR=0x0028 idle=0 PC=0x820c PMST=0xfff8 IPTR=0x1ff
1778931586.293 +113.136s [c54x] STATE-DUMP insn=3000189425 PC=0x8211 ST0=0xc000 ST1=0x10bc INTM=0 IMR=0x0000 IFR=0x0020 XPC=3 PMST=0xfff8 SP=0x06ed AR1=0x0357 AR2=0x0007 BRC=0
1778931591.657 +118.500s [c54x] IRQ #600 vec=19 bit=3: INTM=1 IMR=0x0000 IFR=0x0028 idle=0 PC=0x8211 PMST=0xfff8 IPTR=0x1ff
1778931604.918 +131.761s [c54x] STATE-DUMP insn=3500157425 PC=0x8211 ST0=0xc000 ST1=0x10bc INTM=0 IMR=0x0000 IFR=0x0020 XPC=3 PMST=0xfff8 SP=0x06ed AR1=0x02df AR2=0xffff BRC=0
1778931608.503 +135.347s [c54x] IRQ #700 vec=19 bit=3: INTM=1 IMR=0x0000 IFR=0x0028 idle=0 PC=0x8214 PMST=0xfff8 IPTR=0x1ff
1778931622.400 +149.243s [c54x] STATE-DUMP insn=4000125425 PC=0x8211 ST0=0xc000 ST1=0x10bc INTM=0 IMR=0x0000 IFR=0x0020 XPC=3 PMST=0xfff8 SP=0x06ed AR1=0x05a7 AR2=0x000c BRC=0
1778931622.404 +149.248s [c54x] STATE-DUMP insn=4000317425 PC=0x8217 ST0=0xc000 ST1=0x10bc INTM=0 IMR=0x0000 IFR=0x0020 XPC=3 PMST=0xfff8 SP=0x06ed AR1=0x02d5 AR2=0xfffd BRC=0
1778931622.409 +149.253s [c54x] STATE-DUMP insn=4000509425 PC=0x8209 ST0=0xc000 ST1=0x10bc INTM=0 IMR=0x0000 IFR=0x0020 XPC=3 PMST=0xfff8 SP=0x06ed AR1=0x031c AR2=0x0003 BRC=0
1778931622.414 +149.257s [c54x] STATE-DUMP insn=4000701425 PC=0x820e ST0=0xc000 ST1=0xfde0 INTM=1 IMR=0x0000 IFR=0x0020 XPC=3 PMST=0xfff8 SP=0x06ed AR1=0x03a5 AR2=0x0009 BRC=0
1778931622.418 +149.262s [c54x] STATE-DUMP insn=4000893425 PC=0x8214 ST0=0xc000 ST1=0xbde0 INTM=1 IMR=0x0000 IFR=0x0020 XPC=3 PMST=0xfff8 SP=0x06ed AR1=0x0477 AR2=0x0010 BRC=0
1778931622.423 +149.266s [c54x] STATE-DUMP insn=4001085425 PC=0x821a ST0=0x2000 ST1=0xbde0 INTM=1 IMR=0x0000 IFR=0x0020 XPC=3 PMST=0xfff8 SP=0x06ed AR1=0x0466 AR2=0xfffd BRC=0
1778931622.428 +149.271s [c54x] STATE-DUMP insn=4001277425 PC=0x820c ST0=0xc000 ST1=0xfde0 INTM=1 IMR=0x0000 IFR=0x0020 XPC=3 PMST=0xfff8 SP=0x06ed AR1=0x04c0 AR2=0x0003 BRC=0
1778931622.433 +149.276s [c54x] STATE-DUMP insn=4001469425 PC=0x8211 ST0=0xc000 ST1=0x10bc INTM=0 IMR=0x0000 IFR=0x0020 XPC=3 PMST=0xfff8 SP=0x06ed AR1=0x0561 AR2=0x000a BRC=0
1778931622.442 +149.285s [c54x] STATE-DUMP insn=4001661425 PC=0x8217 ST0=0xc000 ST1=0x10bc INTM=0 IMR=0x0000 IFR=0x0020 XPC=3 PMST=0xfff8 SP=0x06ed AR1=0x064b AR2=0x0010 BRC=0
1778931625.146 +151.989s [c54x] IRQ #800 vec=19 bit=3: INTM=0 IMR=0x0000 IFR=0x0028 idle=0 PC=0x821a PMST=0xfff8 IPTR=0x1ff
1778931629.827 +156.670s [c54x] STATE-DUMP insn=4205181425 PC=0x8214 ST0=0xc000 ST1=0x10bc INTM=0 IMR=0x0000 IFR=0x0020 XPC=3 PMST=0xfff8 SP=0x06ed AR1=0x0541 AR2=0x0009 BRC=0
1778931629.832 +156.675s [c54x] STATE-DUMP insn=4205373425 PC=0x821a ST0=0x2000 ST1=0x10bc INTM=0 IMR=0x0000 IFR=0x0020 XPC=3 PMST=0xfff8 SP=0x06ed AR1=0x064c AR2=0x000f BRC=0
1778931629.841 +156.684s [c54x] STATE-DUMP insn=4205565425 PC=0x820c ST0=0xc000 ST1=0x50bc INTM=0 IMR=0x0000 IFR=0x0020 XPC=3 PMST=0xfff8 SP=0x06ed AR1=0x02f2 AR2=0x0000 BRC=0
1778931629.846 +156.689s [c54x] STATE-DUMP insn=4205757425 PC=0x8211 ST0=0xc000 ST1=0x10bc INTM=0 IMR=0x0000 IFR=0x0020 XPC=3 PMST=0xfff8 SP=0x06ed AR1=0x0357 AR2=0x0007 BRC=0
1778931629.855 +156.698s [c54x] STATE-DUMP insn=4205949425 PC=0x8217 ST0=0xc000 ST1=0xbde0 INTM=1 IMR=0x0000 IFR=0x0020 XPC=3 PMST=0xfff8 SP=0x06ed AR1=0x0405 AR2=0x000d BRC=0
1778931629.860 +156.703s [c54x] STATE-DUMP insn=4206141425 PC=0x8209 ST0=0xc000 ST1=0xbde0 INTM=1 IMR=0x0000 IFR=0x0020 XPC=3 PMST=0xfff8 SP=0x06ed AR1=0x0454 AR2=0xfffa BRC=0
1778931629.869 +156.712s [c54x] STATE-DUMP insn=4206333425 PC=0x820e ST0=0xc000 ST1=0xfde0 INTM=1 IMR=0x0000 IFR=0x0020 XPC=3 PMST=0xfff8 SP=0x06ed AR1=0x0489 AR2=0x0000 BRC=0
1778931629.874 +156.717s [c54x] STATE-DUMP insn=4206525425 PC=0x8214 ST0=0xc000 ST1=0x10bc INTM=0 IMR=0x0000 IFR=0x0020 XPC=3 PMST=0xfff8 SP=0x06ed AR1=0x0507 AR2=0x0007 BRC=0
1778931629.883 +156.726s [c54x] STATE-DUMP insn=4206717425 PC=0x821a ST0=0x2000 ST1=0x10bc INTM=0 IMR=0x0000 IFR=0x0020 XPC=3 PMST=0xfff8 SP=0x06ed AR1=0x05f6 AR2=0x000d BRC=0
1778931629.888 +156.731s [c54x] STATE-DUMP insn=4206909425 PC=0x820c ST0=0xc000 ST1=0x50bc INTM=0 IMR=0x0000 IFR=0x0020 XPC=3 PMST=0xfff8 SP=0x06ed AR1=0x02e0 AR2=0xfffe BRC=0
1778931629.897 +156.740s [c54x] STATE-DUMP insn=4207101425 PC=0x8211 ST0=0xc000 ST1=0x10bc INTM=0 IMR=0x0000 IFR=0x0020 XPC=3 PMST=0xfff8 SP=0x06ed AR1=0x032d AR2=0x0005 BRC=0
1778931629.901 +156.745s [c54x] STATE-DUMP insn=4207293425 PC=0x8217 ST0=0xc000 ST1=0xbde0 INTM=1 IMR=0x0000 IFR=0x0020 XPC=3 PMST=0xfff8 SP=0x06ed AR1=0x03c3 AR2=0x000b BRC=0
1778931629.911 +156.754s [c54x] STATE-DUMP insn=4207485425 PC=0x8209 ST0=0xc000 ST1=0xbde0 INTM=1 IMR=0x0000 IFR=0x0020 XPC=3 PMST=0xfff8 SP=0x06ed AR1=0x04ce AR2=0x0011 BRC=0
1778931629.915 +156.759s [c54x] STATE-DUMP insn=4207677425 PC=0x820e ST0=0xc000 ST1=0xfde0 INTM=1 IMR=0x0000 IFR=0x0020 XPC=3 PMST=0xfff8 SP=0x06ed AR1=0x046f AR2=0xfffe BRC=0
1778931629.924 +156.768s [c54x] STATE-DUMP insn=4207869425 PC=0x8214 ST0=0xc000 ST1=0xbde0 INTM=1 IMR=0x0000 IFR=0x0020 XPC=3 PMST=0xfff8 SP=0x06ed AR1=0x04d5 AR2=0x0005 BRC=0
1778931629.929 +156.773s [c54x] STATE-DUMP insn=4208061425 PC=0x821a ST0=0x2000 ST1=0x10bc INTM=0 IMR=0x0000 IFR=0x0020 XPC=3 PMST=0xfff8 SP=0x06ed AR1=0x05a8 AR2=0x000b BRC=0
1778931629.938 +156.782s [c54x] STATE-DUMP insn=4208253425 PC=0x820c ST0=0xc000 ST1=0x50bc INTM=0 IMR=0x0000 IFR=0x0020 XPC=3 PMST=0xfff8 SP=0x06ed AR1=0x02d6 AR2=0xfffc BRC=0
1778931629.943 +156.787s [c54x] STATE-DUMP insn=4208445425 PC=0x8211 ST0=0xc000 ST1=0x10bc INTM=0 IMR=0x0000 IFR=0x0020 XPC=3 PMST=0xfff8 SP=0x06ed AR1=0x030b AR2=0x0003 BRC=0
1778931629.952 +156.796s [c54x] STATE-DUMP insn=4208637425 PC=0x8217 ST0=0xc000 ST1=0xbde0 INTM=1 IMR=0x0000 IFR=0x0020 XPC=3 PMST=0xfff8 SP=0x06ed AR1=0x0389 AR2=0x0009 BRC=0
1778931629.957 +156.801s [c54x] STATE-DUMP insn=4208829425 PC=0x8209 ST0=0xc000 ST1=0xbde0 INTM=1 IMR=0x0000 IFR=0x0020 XPC=3 PMST=0xfff8 SP=0x06ed AR1=0x0478 AR2=0x000f BRC=0
1778931629.966 +156.809s [c54x] STATE-DUMP insn=4209021425 PC=0x820e ST0=0xc000 ST1=0xfde0 INTM=1 IMR=0x0000 IFR=0x0020 XPC=3 PMST=0xfff8 SP=0x06ed AR1=0x045d AR2=0xfffc BRC=0
1778931629.971 +156.815s [c54x] STATE-DUMP insn=4209213425 PC=0x8214 ST0=0xc000 ST1=0xbde0 INTM=1 IMR=0x0000 IFR=0x0020 XPC=3 PMST=0xfff8 SP=0x06ed AR1=0x04ab AR2=0x0003 BRC=0
1778931629.980 +156.823s [c54x] STATE-DUMP insn=4209405425 PC=0x821a ST0=0x2000 ST1=0x10bc INTM=0 IMR=0x0000 IFR=0x0020 XPC=3 PMST=0xfff8 SP=0x06ed AR1=0x0562 AR2=0x0009 BRC=0
1778931629.985 +156.828s [c54x] STATE-DUMP insn=4209597425 PC=0x820c ST0=0xc000 ST1=0x50bc INTM=0 IMR=0x0000 IFR=0x0020 XPC=3 PMST=0xfff8 SP=0x06ed AR1=0x064c AR2=0x000f BRC=0
1778931629.994 +156.837s [c54x] STATE-DUMP insn=4209789425 PC=0x8211 ST0=0xc000 ST1=0x10bc INTM=0 IMR=0x0000 IFR=0x0020 XPC=3 PMST=0xfff8 SP=0x06ed AR1=0x02f1 AR2=0x0001 BRC=0
1778931629.999 +156.842s [c54x] STATE-DUMP insn=4209981425 PC=0x8217 ST0=0xc000 ST1=0x10bc INTM=0 IMR=0x0000 IFR=0x0020 XPC=3 PMST=0xfff8 SP=0x06ed AR1=0x0357 AR2=0x0007 BRC=0
1778931630.008 +156.851s [c54x] STATE-DUMP insn=4210173425 PC=0x8209 ST0=0xc000 ST1=0xbde0 INTM=1 IMR=0x0000 IFR=0x0020 XPC=3 PMST=0xfff8 SP=0x06ed AR1=0x042a AR2=0x000d BRC=0
1778931630.013 +156.856s [c54x] STATE-DUMP insn=4210365425 PC=0x820e ST0=0xc000 ST1=0xfde0 INTM=1 IMR=0x0000 IFR=0x0020 XPC=3 PMST=0xfff8 SP=0x06ed AR1=0x0453 AR2=0xfffa BRC=0
1778931630.022 +156.865s [c54x] STATE-DUMP insn=4210557425 PC=0x8214 ST0=0xc000 ST1=0xbde0 INTM=1 IMR=0x0000 IFR=0x0020 XPC=3 PMST=0xfff8 SP=0x06ed AR1=0x0489 AR2=0x0001 BRC=0
1778931630.027 +156.870s [c54x] STATE-DUMP insn=4210749425 PC=0x821a ST0=0x2000 ST1=0x10bc INTM=0 IMR=0x0000 IFR=0x0020 XPC=3 PMST=0xfff8 SP=0x06ed AR1=0x0524 AR2=0x0007 BRC=0
1778931630.036 +156.879s [c54x] STATE-DUMP insn=4210941425 PC=0x820c ST0=0xc000 ST1=0x50bc INTM=0 IMR=0x0000 IFR=0x0020 XPC=3 PMST=0xfff8 SP=0x06ed AR1=0x05f6 AR2=0x000d BRC=0
1778931630.041 +156.884s [c54x] STATE-DUMP insn=4211133425 PC=0x8211 ST0=0xc000 ST1=0x10bc INTM=0 IMR=0x0000 IFR=0x0020 XPC=3 PMST=0xfff8 SP=0x06ed AR1=0x02df AR2=0xffff BRC=0
1778931630.050 +156.893s [c54x] STATE-DUMP insn=4211325425 PC=0x8217 ST0=0xc000 ST1=0x10bc INTM=0 IMR=0x0000 IFR=0x0020 XPC=3 PMST=0xfff8 SP=0x06ed AR1=0x032d AR2=0x0005 BRC=0
1778931630.055 +156.898s [c54x] STATE-DUMP insn=4211517425 PC=0x8209 ST0=0xc000 ST1=0xbde0 INTM=1 IMR=0x0000 IFR=0x0020 XPC=3 PMST=0xfff8 SP=0x06ed AR1=0x03e4 AR2=0x000b BRC=0
1778931630.064 +156.907s [c54x] STATE-DUMP insn=4211709425 PC=0x820e ST0=0xc000 ST1=0xfde0 INTM=1 IMR=0x0000 IFR=0x0020 XPC=3 PMST=0xfff8 SP=0x06ed AR1=0x04cd AR2=0x0011 BRC=0
1778931630.068 +156.912s [c54x] STATE-DUMP insn=4211901425 PC=0x8214 ST0=0xc000 ST1=0xbde0 INTM=1 IMR=0x0000 IFR=0x0020 XPC=3 PMST=0xfff8 SP=0x06ed AR1=0x046f AR2=0xffff BRC=0
1778931630.077 +156.921s [c54x] STATE-DUMP insn=4212093425 PC=0x821a ST0=0x2000 ST1=0xbde0 INTM=1 IMR=0x0000 IFR=0x0020 XPC=3 PMST=0xfff8 SP=0x06ed AR1=0x04ee AR2=0x0005 BRC=0
1778931630.082 +156.926s [c54x] STATE-DUMP insn=4212285425 PC=0x820c ST0=0xc000 ST1=0x50bc INTM=0 IMR=0x0000 IFR=0x0020 XPC=3 PMST=0xfff8 SP=0x06ed AR1=0x05a8 AR2=0x000b BRC=0
1778931630.091 +156.935s [c54x] STATE-DUMP insn=4212477425 PC=0x8211 ST0=0xc000 ST1=0x10bc INTM=0 IMR=0x0000 IFR=0x0020 XPC=3 PMST=0xfff8 SP=0x06ed AR1=0x02d5 AR2=0xfffd BRC=0
1778931630.096 +156.940s [c54x] STATE-DUMP insn=4212669425 PC=0x8217 ST0=0xc000 ST1=0x10bc INTM=0 IMR=0x0000 IFR=0x0020 XPC=3 PMST=0xfff8 SP=0x06ed AR1=0x030b AR2=0x0003 BRC=0
1778931630.105 +156.949s [c54x] STATE-DUMP insn=4212861425 PC=0x8209 ST0=0xc000 ST1=0xbde0 INTM=1 IMR=0x0000 IFR=0x0020 XPC=3 PMST=0xfff8 SP=0x06ed AR1=0x03a6 AR2=0x0009 BRC=0
1778931630.110 +156.953s [c54x] STATE-DUMP insn=4213053425 PC=0x820e ST0=0xc000 ST1=0xfde0 INTM=1 IMR=0x0000 IFR=0x0020 XPC=3 PMST=0xfff8 SP=0x06ed AR1=0x0477 AR2=0x000f BRC=0
1778931630.119 +156.962s [c54x] STATE-DUMP insn=4213245425 PC=0x8214 ST0=0xc000 ST1=0xbde0 INTM=1 IMR=0x0000 IFR=0x0020 XPC=3 PMST=0xfff8 SP=0x06ed AR1=0x045d AR2=0xfffd BRC=0
1778931630.623 +157.467s [c54x] STATE-DUMP insn=4230333425 PC=0x8209 ST0=0xc000 ST1=0xbde0 INTM=1 IMR=0x0000 IFR=0x0020 XPC=3 PMST=0xfff8 SP=0x06ed AR1=0x04d6 AR2=0x0004 BRC=0
1778931630.628 +157.471s [c54x] STATE-DUMP insn=4230525425 PC=0x820e ST0=0xc000 ST1=0x50bc INTM=0 IMR=0x0000 IFR=0x0020 XPC=3 PMST=0xfff8 SP=0x06ed AR1=0x0583 AR2=0x000a BRC=0
1778931630.632 +157.476s [c54x] STATE-DUMP insn=4230717425 PC=0x8214 ST0=0xc000 ST1=0x10bc INTM=0 IMR=0x0000 IFR=0x0020 XPC=3 PMST=0xfff8 SP=0x06ed AR1=0x02d3 AR2=0x0011 BRC=0
1778931630.637 +157.480s [c54x] STATE-DUMP insn=4230909425 PC=0x821a ST0=0x2000 ST1=0x10bc INTM=0 IMR=0x0000 IFR=0x0020 XPC=3 PMST=0xfff8 SP=0x06ed AR1=0x030c AR2=0x0002 BRC=0
1778931630.642 +157.485s [c54x] STATE-DUMP insn=4231101425 PC=0x820c ST0=0xc000 ST1=0xfde0 INTM=1 IMR=0x0000 IFR=0x0020 XPC=3 PMST=0xfff8 SP=0x06ed AR1=0x038a AR2=0x0008 BRC=0
1778931630.646 +157.490s [c54x] STATE-DUMP insn=4231293425 PC=0x8211 ST0=0xc000 ST1=0xbde0 INTM=1 IMR=0x0000 IFR=0x0020 XPC=3 PMST=0xfff8 SP=0x06ed AR1=0x044f AR2=0x000f BRC=0
1778931630.651 +157.494s [c54x] STATE-DUMP insn=4231485425 PC=0x8217 ST0=0xc000 ST1=0xbde0 INTM=1 IMR=0x0000 IFR=0x0020 XPC=3 PMST=0xfff8 SP=0x06ed AR1=0x0457 AR2=0xfffc BRC=0
1778931630.656 +157.499s [c54x] STATE-DUMP insn=4231677425 PC=0x8209 ST0=0xc000 ST1=0xbde0 INTM=1 IMR=0x0000 IFR=0x0020 XPC=3 PMST=0xfff8 SP=0x06ed AR1=0x04ac AR2=0x0002 BRC=0
1778931630.660 +157.504s [c54x] STATE-DUMP insn=4231869425 PC=0x820e ST0=0xc000 ST1=0x50bc INTM=0 IMR=0x0000 IFR=0x0020 XPC=3 PMST=0xfff8 SP=0x06ed AR1=0x0541 AR2=0x0008 BRC=0
1778931630.665 +157.508s [c54x] STATE-DUMP insn=4232061425 PC=0x8214 ST0=0xc000 ST1=0x10bc INTM=0 IMR=0x0000 IFR=0x0020 XPC=3 PMST=0xfff8 SP=0x06ed AR1=0x061f AR2=0x000f BRC=0
1778931630.669 +157.513s [c54x] STATE-DUMP insn=4232253425 PC=0x821a ST0=0x2000 ST1=0x10bc INTM=0 IMR=0x0000 IFR=0x0020 XPC=3 PMST=0xfff8 SP=0x06ed AR1=0x02f2 AR2=0x0000 BRC=0
1778931630.674 +157.517s [c54x] STATE-DUMP insn=4232445425 PC=0x820c ST0=0xc000 ST1=0x50bc INTM=0 IMR=0x0000 IFR=0x0020 XPC=3 PMST=0xfff8 SP=0x06ed AR1=0x0358 AR2=0x0006 BRC=0
1778931630.679 +157.522s [c54x] STATE-DUMP insn=4232637425 PC=0x8211 ST0=0xc000 ST1=0xbde0 INTM=1 IMR=0x0000 IFR=0x0020 XPC=3 PMST=0xfff8 SP=0x06ed AR1=0x0405 AR2=0x000d BRC=0
1778931630.683 +157.527s [c54x] STATE-DUMP insn=4232829425 PC=0x8217 ST0=0xc000 ST1=0xbde0 INTM=1 IMR=0x0000 IFR=0x0020 XPC=3 PMST=0xfff8 SP=0x06ed AR1=0x0451 AR2=0x0013 BRC=0
1778931630.688 +157.531s [c54x] STATE-DUMP insn=4233021425 PC=0x8209 ST0=0xc000 ST1=0xbde0 INTM=1 IMR=0x0000 IFR=0x0020 XPC=3 PMST=0xfff8 SP=0x06ed AR1=0x048a AR2=0x0000 BRC=0
1778931630.692 +157.536s [c54x] STATE-DUMP insn=4233213425 PC=0x820e ST0=0xc000 ST1=0x50bc INTM=0 IMR=0x0000 IFR=0x0020 XPC=3 PMST=0xfff8 SP=0x06ed AR1=0x0507 AR2=0x0006 BRC=0
1778931630.697 +157.540s [c54x] STATE-DUMP insn=4233405425 PC=0x8214 ST0=0xc000 ST1=0x10bc INTM=0 IMR=0x0000 IFR=0x0020 XPC=3 PMST=0xfff8 SP=0x06ed AR1=0x05cd AR2=0x000d BRC=0
1778931630.702 +157.545s [c54x] STATE-DUMP insn=4233597425 PC=0x821a ST0=0x2000 ST1=0x10bc INTM=0 IMR=0x0000 IFR=0x0020 XPC=3 PMST=0xfff8 SP=0x06ed AR1=0x02e0 AR2=0xfffe BRC=0
1778931630.706 +157.550s [c54x] STATE-DUMP insn=4233789425 PC=0x820c ST0=0xc000 ST1=0x50bc INTM=0 IMR=0x0000 IFR=0x0020 XPC=3 PMST=0xfff8 SP=0x06ed AR1=0x032e AR2=0x0004 BRC=0
1778931630.716 +157.559s [c54x] STATE-DUMP insn=4233981425 PC=0x8211 ST0=0xc000 ST1=0xbde0 INTM=1 IMR=0x0000 IFR=0x0020 XPC=3 PMST=0xfff8 SP=0x06ed AR1=0x03c3 AR2=0x000b BRC=0
1778931630.720 +157.564s [c54x] STATE-DUMP insn=4234173425 PC=0x8217 ST0=0xc000 ST1=0xbde0 INTM=1 IMR=0x0000 IFR=0x0020 XPC=3 PMST=0xfff8 SP=0x06ed AR1=0x04a1 AR2=0x0011 BRC=0
1778931630.730 +157.573s [c54x] STATE-DUMP insn=4234365425 PC=0x8209 ST0=0xc000 ST1=0xbde0 INTM=1 IMR=0x0000 IFR=0x0020 XPC=3 PMST=0xfff8 SP=0x06ed AR1=0x0470 AR2=0xfffe BRC=0
1778931630.735 +157.578s [c54x] STATE-DUMP insn=4234557425 PC=0x820e ST0=0xc000 ST1=0xfde0 INTM=1 IMR=0x0000 IFR=0x0020 XPC=3 PMST=0xfff8 SP=0x06ed AR1=0x04d5 AR2=0x0004 BRC=0
1778931630.744 +157.587s [c54x] STATE-DUMP insn=4234749425 PC=0x8214 ST0=0xc000 ST1=0x10bc INTM=0 IMR=0x0000 IFR=0x0020 XPC=3 PMST=0xfff8 SP=0x06ed AR1=0x0583 AR2=0x000b BRC=0
1778931630.750 +157.593s [c54x] STATE-DUMP insn=4234941425 PC=0x821a ST0=0x2000 ST1=0x10bc INTM=0 IMR=0x0000 IFR=0x0020 XPC=3 PMST=0xfff8 SP=0x06ed AR1=0x02d6 AR2=0x0011 BRC=0
1778931630.757 +157.601s [c54x] STATE-DUMP insn=4235133425 PC=0x820c ST0=0xc000 ST1=0x50bc INTM=0 IMR=0x0000 IFR=0x0020 XPC=3 PMST=0xfff8 SP=0x06ed AR1=0x030c AR2=0x0002 BRC=0
1778931630.764 +157.607s [c54x] STATE-DUMP insn=4235325425 PC=0x8211 ST0=0xc000 ST1=0xbde0 INTM=1 IMR=0x0000 IFR=0x0020 XPC=3 PMST=0xfff8 SP=0x06ed AR1=0x0389 AR2=0x0009 BRC=0
1778931630.776 +157.620s [c54x] STATE-DUMP insn=4235517425 PC=0x8217 ST0=0xc000 ST1=0xbde0 INTM=1 IMR=0x0000 IFR=0x0020 XPC=3 PMST=0xfff8 SP=0x06ed AR1=0x044f AR2=0x000f BRC=0
1778931630.794 +157.638s [c54x] STATE-DUMP insn=4235709425 PC=0x8209 ST0=0xc000 ST1=0xbde0 INTM=1 IMR=0x0000 IFR=0x0020 XPC=3 PMST=0xfff8 SP=0x06ed AR1=0x045e AR2=0xfffc BRC=0
1778931630.813 +157.657s [c54x] STATE-DUMP insn=4235901425 PC=0x820e ST0=0xc000 ST1=0xfde0 INTM=1 IMR=0x0000 IFR=0x0020 XPC=3 PMST=0xfff8 SP=0x06ed AR1=0x04ab AR2=0x0002 BRC=0
1778931630.828 +157.671s [c54x] STATE-DUMP insn=4236093425 PC=0x8214 ST0=0xc000 ST1=0x10bc INTM=0 IMR=0x0000 IFR=0x0020 XPC=3 PMST=0xfff8 SP=0x06ed AR1=0x0541 AR2=0x0009 BRC=0
1778931630.841 +157.684s [c54x] STATE-DUMP insn=4236285425 PC=0x821a ST0=0x2000 ST1=0x10bc INTM=0 IMR=0x0000 IFR=0x0020 XPC=3 PMST=0xfff8 SP=0x06ed AR1=0x064c AR2=0x000f BRC=0
1778931630.851 +157.694s [c54x] STATE-DUMP insn=4236477425 PC=0x820c ST0=0xc000 ST1=0x50bc INTM=0 IMR=0x0000 IFR=0x0020 XPC=3 PMST=0xfff8 SP=0x06ed AR1=0x02f2 AR2=0x0000 BRC=0
1778931630.864 +157.707s [c54x] STATE-DUMP insn=4236669425 PC=0x8211 ST0=0xc000 ST1=0x10bc INTM=0 IMR=0x0000 IFR=0x0020 XPC=3 PMST=0xfff8 SP=0x06ed AR1=0x0357 AR2=0x0007 BRC=0
1778931630.880 +157.724s [c54x] STATE-DUMP insn=4236861425 PC=0x8217 ST0=0xc000 ST1=0xbde0 INTM=1 IMR=0x0000 IFR=0x0020 XPC=3 PMST=0xfff8 SP=0x06ed AR1=0x0405 AR2=0x000d BRC=0
1778931630.910 +157.754s [c54x] STATE-DUMP insn=4237053425 PC=0x8209 ST0=0xc000 ST1=0xbde0 INTM=1 IMR=0x0000 IFR=0x0020 XPC=3 PMST=0xfff8 SP=0x06ed AR1=0x0454 AR2=0xfffa BRC=0
1778931630.929 +157.773s [c54x] STATE-DUMP insn=4237245425 PC=0x820e ST0=0xc000 ST1=0xfde0 INTM=1 IMR=0x0000 IFR=0x0020 XPC=3 PMST=0xfff8 SP=0x06ed AR1=0x0489 AR2=0x0000 BRC=0
1778931630.947 +157.790s [c54x] STATE-DUMP insn=4237437425 PC=0x8214 ST0=0xc000 ST1=0x10bc INTM=0 IMR=0x0000 IFR=0x0020 XPC=3 PMST=0xfff8 SP=0x06ed AR1=0x0507 AR2=0x0007 BRC=0
1778931630.956 +157.800s [c54x] STATE-DUMP insn=4237629425 PC=0x821a ST0=0x2000 ST1=0x10bc INTM=0 IMR=0x0000 IFR=0x0020 XPC=3 PMST=0xfff8 SP=0x06ed AR1=0x05f6 AR2=0x000d BRC=0
1778931630.966 +157.809s [c54x] STATE-DUMP insn=4237821425 PC=0x820c ST0=0xc000 ST1=0x50bc INTM=0 IMR=0x0000 IFR=0x0020 XPC=3 PMST=0xfff8 SP=0x06ed AR1=0x02e0 AR2=0xfffe BRC=0
1778931630.971 +157.815s [c54x] STATE-DUMP insn=4238013425 PC=0x8211 ST0=0xc000 ST1=0x10bc INTM=0 IMR=0x0000 IFR=0x0020 XPC=3 PMST=0xfff8 SP=0x06ed AR1=0x032d AR2=0x0005 BRC=0
1778931630.979 +157.823s [c54x] STATE-DUMP insn=4238205425 PC=0x8217 ST0=0xc000 ST1=0xbde0 INTM=1 IMR=0x0000 IFR=0x0020 XPC=3 PMST=0xfff8 SP=0x06ed AR1=0x03c3 AR2=0x000b BRC=0
1778931630.984 +157.827s [c54x] STATE-DUMP insn=4238397425 PC=0x8209 ST0=0xc000 ST1=0xbde0 INTM=1 IMR=0x0000 IFR=0x0020 XPC=3 PMST=0xfff8 SP=0x06ed AR1=0x04ce AR2=0x0011 BRC=0
1778931631.531 +158.374s [c54x] STATE-DUMP insn=4255485425 PC=0x8211 ST0=0xc000 ST1=0xbde0 INTM=1 IMR=0x0000 IFR=0x0020 XPC=3 PMST=0xfff8 SP=0x06ed AR1=0x047b AR2=0x0000 BRC=0
1778931631.536 +158.379s [c54x] STATE-DUMP insn=4255677425 PC=0x8217 ST0=0xc000 ST1=0xbde0 INTM=1 IMR=0x0000 IFR=0x0020 XPC=3 PMST=0xfff8 SP=0x06ed AR1=0x04ed AR2=0x0006 BRC=0
1778931631.544 +158.388s [c54x] STATE-DUMP insn=4255869425 PC=0x8209 ST0=0xc000 ST1=0x10bc INTM=0 IMR=0x0000 IFR=0x0020 XPC=3 PMST=0xfff8 SP=0x06ed AR1=0x05ce AR2=0x000c BRC=0
1778931631.550 +158.393s [c54x] STATE-DUMP insn=4256061425 PC=0x820e ST0=0xc000 ST1=0x50bc INTM=0 IMR=0x0000 IFR=0x0020 XPC=3 PMST=0xfff8 SP=0x06ed AR1=0x02d9 AR2=0xfffd BRC=0
1778931631.558 +158.402s [c54x] STATE-DUMP insn=4256253425 PC=0x8214 ST0=0xc000 ST1=0x10bc INTM=0 IMR=0x0000 IFR=0x0020 XPC=3 PMST=0xfff8 SP=0x06ed AR1=0x031b AR2=0x0004 BRC=0
1778931631.563 +158.407s [c54x] STATE-DUMP insn=4256445425 PC=0x821a ST0=0x2000 ST1=0xbde0 INTM=1 IMR=0x0000 IFR=0x0020 XPC=3 PMST=0xfff8 SP=0x06ed AR1=0x03c4 AR2=0x000a BRC=0
1778931631.572 +158.416s [c54x] STATE-DUMP insn=4256637425 PC=0x820c ST0=0xc000 ST1=0xfde0 INTM=1 IMR=0x0000 IFR=0x0020 XPC=3 PMST=0xfff8 SP=0x06ed AR1=0x04a2 AR2=0x0010 BRC=0
1778931631.577 +158.421s [c54x] STATE-DUMP insn=4256829425 PC=0x8211 ST0=0xc000 ST1=0xbde0 INTM=1 IMR=0x0000 IFR=0x0020 XPC=3 PMST=0xfff8 SP=0x06ed AR1=0x0465 AR2=0xfffe BRC=0
1778931631.586 +158.429s [c54x] STATE-DUMP insn=4257021425 PC=0x8217 ST0=0xc000 ST1=0xbde0 INTM=1 IMR=0x0000 IFR=0x0020 XPC=3 PMST=0xfff8 SP=0x06ed AR1=0x04bf AR2=0x0004 BRC=0
1778931631.591 +158.434s [c54x] STATE-DUMP insn=4257213425 PC=0x8209 ST0=0xc000 ST1=0x10bc INTM=0 IMR=0x0000 IFR=0x0020 XPC=3 PMST=0xfff8 SP=0x06ed AR1=0x0584 AR2=0x000a BRC=0
1778931631.600 +158.443s [c54x] STATE-DUMP insn=4257405425 PC=0x820e ST0=0xc000 ST1=0x50bc INTM=0 IMR=0x0000 IFR=0x0020 XPC=3 PMST=0xfff8 SP=0x06ed AR1=0x02d3 AR2=0x0010 BRC=0
1778931631.605 +158.448s [c54x] STATE-DUMP insn=4257597425 PC=0x8214 ST0=0xc000 ST1=0x10bc INTM=0 IMR=0x0000 IFR=0x0020 XPC=3 PMST=0xfff8 SP=0x06ed AR1=0x02fd AR2=0x0002 BRC=0
1778931631.614 +158.457s [c54x] STATE-DUMP insn=4257789425 PC=0x821a ST0=0x2000 ST1=0x10bc INTM=0 IMR=0x0000 IFR=0x0020 XPC=3 PMST=0xfff8 SP=0x06ed AR1=0x038a AR2=0x0008 BRC=0
1778931631.619 +158.462s [c54x] STATE-DUMP insn=4257981425 PC=0x820c ST0=0xc000 ST1=0xfde0 INTM=1 IMR=0x0000 IFR=0x0020 XPC=3 PMST=0xfff8 SP=0x06ed AR1=0x0450 AR2=0x000e BRC=0
1778931631.628 +158.471s [c54x] STATE-DUMP insn=4258173425 PC=0x8211 ST0=0xc000 ST1=0xbde0 INTM=1 IMR=0x0000 IFR=0x0020 XPC=3 PMST=0xfff8 SP=0x06ed AR1=0x0457 AR2=0xfffc BRC=0
1778931631.633 +158.476s [c54x] STATE-DUMP insn=4258365425 PC=0x8217 ST0=0xc000 ST1=0xbde0 INTM=1 IMR=0x0000 IFR=0x0020 XPC=3 PMST=0xfff8 SP=0x06ed AR1=0x0499 AR2=0x0002 BRC=0
1778931631.642 +158.485s [c54x] STATE-DUMP insn=4258557425 PC=0x8209 ST0=0xc000 ST1=0x10bc INTM=0 IMR=0x0000 IFR=0x0020 XPC=3 PMST=0xfff8 SP=0x06ed AR1=0x0542 AR2=0x0008 BRC=0
1778931631.647 +158.490s [c54x] STATE-DUMP insn=4258749425 PC=0x820e ST0=0xc000 ST1=0x50bc INTM=0 IMR=0x0000 IFR=0x0020 XPC=3 PMST=0xfff8 SP=0x06ed AR1=0x061f AR2=0x000e BRC=0
1778931631.656 +158.499s [c54x] STATE-DUMP insn=4258941425 PC=0x8214 ST0=0xc000 ST1=0x10bc INTM=0 IMR=0x0000 IFR=0x0020 XPC=3 PMST=0xfff8 SP=0x06ed AR1=0x02e7 AR2=0x0000 BRC=0
1778931631.661 +158.504s [c54x] STATE-DUMP insn=4259133425 PC=0x821a ST0=0x2000 ST1=0x10bc INTM=0 IMR=0x0000 IFR=0x0020 XPC=3 PMST=0xfff8 SP=0x06ed AR1=0x0358 AR2=0x0006 BRC=0
1778931631.669 +158.513s [c54x] STATE-DUMP insn=4259325425 PC=0x820c ST0=0xc000 ST1=0xfde0 INTM=1 IMR=0x0000 IFR=0x0020 XPC=3 PMST=0xfff8 SP=0x06ed AR1=0x0406 AR2=0x000c BRC=0
1778931631.675 +158.518s [c54x] STATE-DUMP insn=4259517425 PC=0x8211 ST0=0xc000 ST1=0xbde0 INTM=1 IMR=0x0000 IFR=0x0020 XPC=3 PMST=0xfff8 SP=0x06ed AR1=0x0451 AR2=0x0013 BRC=0
1778931631.683 +158.527s [c54x] STATE-DUMP insn=4259709425 PC=0x8217 ST0=0xc000 ST1=0xbde0 INTM=1 IMR=0x0000 IFR=0x0020 XPC=3 PMST=0xfff8 SP=0x06ed AR1=0x047b AR2=0x0000 BRC=0
1778931631.689 +158.532s [c54x] STATE-DUMP insn=4259901425 PC=0x8209 ST0=0xc000 ST1=0x10bc INTM=0 IMR=0x0000 IFR=0x0020 XPC=3 PMST=0xfff8 SP=0x06ed AR1=0x0508 AR2=0x0006 BRC=0
1778931631.697 +158.541s [c54x] STATE-DUMP insn=4260093425 PC=0x820e ST0=0xc000 ST1=0x50bc INTM=0 IMR=0x0000 IFR=0x0020 XPC=3 PMST=0xfff8 SP=0x06ed AR1=0x05cd AR2=0x000c BRC=0
1778931631.702 +158.546s [c54x] STATE-DUMP insn=4260285425 PC=0x8214 ST0=0xc000 ST1=0x10bc INTM=0 IMR=0x0000 IFR=0x0020 XPC=3 PMST=0xfff8 SP=0x06ed AR1=0x02d9 AR2=0xfffe BRC=0
1778931631.711 +158.555s [c54x] STATE-DUMP insn=4260477425 PC=0x821a ST0=0x2000 ST1=0x10bc INTM=0 IMR=0x0000 IFR=0x0020 XPC=3 PMST=0xfff8 SP=0x06ed AR1=0x032e AR2=0x0004 BRC=0
1778931631.716 +158.560s [c54x] STATE-DUMP insn=4260669425 PC=0x820c ST0=0xc000 ST1=0xfde0 INTM=1 IMR=0x0000 IFR=0x0020 XPC=3 PMST=0xfff8 SP=0x06ed AR1=0x03c4 AR2=0x000a BRC=0
1778931631.725 +158.569s [c54x] STATE-DUMP insn=4260861425 PC=0x8211 ST0=0xc000 ST1=0xbde0 INTM=1 IMR=0x0000 IFR=0x0020 XPC=3 PMST=0xfff8 SP=0x06ed AR1=0x04a1 AR2=0x0011 BRC=0
1778931631.730 +158.574s [c54x] STATE-DUMP insn=4261053425 PC=0x8217 ST0=0xc000 ST1=0xbde0 INTM=1 IMR=0x0000 IFR=0x0020 XPC=3 PMST=0xfff8 SP=0x06ed AR1=0x0465 AR2=0xfffe BRC=0
1778931631.739 +158.582s [c54x] STATE-DUMP insn=4261245425 PC=0x8209 ST0=0xc000 ST1=0xbde0 INTM=1 IMR=0x0000 IFR=0x0020 XPC=3 PMST=0xfff8 SP=0x06ed AR1=0x04d6 AR2=0x0004 BRC=0
1778931631.744 +158.587s [c54x] STATE-DUMP insn=4261437425 PC=0x820e ST0=0xc000 ST1=0x50bc INTM=0 IMR=0x0000 IFR=0x0020 XPC=3 PMST=0xfff8 SP=0x06ed AR1=0x0583 AR2=0x000a BRC=0
1778931631.753 +158.596s [c54x] STATE-DUMP insn=4261629425 PC=0x8214 ST0=0xc000 ST1=0x10bc INTM=0 IMR=0x0000 IFR=0x0020 XPC=3 PMST=0xfff8 SP=0x06ed AR1=0x02d3 AR2=0x0011 BRC=0
1778931631.758 +158.601s [c54x] STATE-DUMP insn=4261821425 PC=0x821a ST0=0x2000 ST1=0x10bc INTM=0 IMR=0x0000 IFR=0x0020 XPC=3 PMST=0xfff8 SP=0x06ed AR1=0x030c AR2=0x0002 BRC=0
1778931631.767 +158.610s [c54x] STATE-DUMP insn=4262013425 PC=0x820c ST0=0xc000 ST1=0xfde0 INTM=1 IMR=0x0000 IFR=0x0020 XPC=3 PMST=0xfff8 SP=0x06ed AR1=0x038a AR2=0x0008 BRC=0
1778931631.772 +158.615s [c54x] STATE-DUMP insn=4262205425 PC=0x8211 ST0=0xc000 ST1=0xbde0 INTM=1 IMR=0x0000 IFR=0x0020 XPC=3 PMST=0xfff8 SP=0x06ed AR1=0x044f AR2=0x000f BRC=0
1778931631.781 +158.624s [c54x] STATE-DUMP insn=4262397425 PC=0x8217 ST0=0xc000 ST1=0xbde0 INTM=1 IMR=0x0000 IFR=0x0020 XPC=3 PMST=0xfff8 SP=0x06ed AR1=0x0457 AR2=0xfffc BRC=0
1778931631.786 +158.629s [c54x] STATE-DUMP insn=4262589425 PC=0x8209 ST0=0xc000 ST1=0xbde0 INTM=1 IMR=0x0000 IFR=0x0020 XPC=3 PMST=0xfff8 SP=0x06ed AR1=0x04ac AR2=0x0002 BRC=0
1778931631.795 +158.638s [c54x] STATE-DUMP insn=4262781425 PC=0x820e ST0=0xc000 ST1=0x50bc INTM=0 IMR=0x0000 IFR=0x0020 XPC=3 PMST=0xfff8 SP=0x06ed AR1=0x0541 AR2=0x0008 BRC=0
1778931631.800 +158.643s [c54x] STATE-DUMP insn=4262973425 PC=0x8214 ST0=0xc000 ST1=0x10bc INTM=0 IMR=0x0000 IFR=0x0020 XPC=3 PMST=0xfff8 SP=0x06ed AR1=0x061f AR2=0x000f BRC=0
1778931631.809 +158.652s [c54x] STATE-DUMP insn=4263165425 PC=0x821a ST0=0x2000 ST1=0x10bc INTM=0 IMR=0x0000 IFR=0x0020 XPC=3 PMST=0xfff8 SP=0x06ed AR1=0x02f2 AR2=0x0000 BRC=0
1778931631.814 +158.657s [c54x] STATE-DUMP insn=4263357425 PC=0x820c ST0=0xc000 ST1=0x50bc INTM=0 IMR=0x0000 IFR=0x0020 XPC=3 PMST=0xfff8 SP=0x06ed AR1=0x0358 AR2=0x0006 BRC=0
1778931631.823 +158.666s [c54x] STATE-DUMP insn=4263549425 PC=0x8211 ST0=0xc000 ST1=0xbde0 INTM=1 IMR=0x0000 IFR=0x0020 XPC=3 PMST=0xfff8 SP=0x06ed AR1=0x0405 AR2=0x000d BRC=0
1778931632.446 +159.289s [c54x] STATE-DUMP insn=4280637425 PC=0x821a ST0=0x2000 ST1=0xbde0 INTM=1 IMR=0x0000 IFR=0x0020 XPC=3 PMST=0xfff8 SP=0x06ed AR1=0x0458 AR2=0xfffb BRC=0
1778931632.455 +159.298s [c54x] STATE-DUMP insn=4280829425 PC=0x820c ST0=0xc000 ST1=0xfde0 INTM=1 IMR=0x0000 IFR=0x0020 XPC=3 PMST=0xfff8 SP=0x06ed AR1=0x049a AR2=0x0001 BRC=0
1778931632.460 +159.303s [c54x] STATE-DUMP insn=4281021425 PC=0x8211 ST0=0xc000 ST1=0x10bc INTM=0 IMR=0x0000 IFR=0x0020 XPC=3 PMST=0xfff8 SP=0x06ed AR1=0x0523 AR2=0x0008 BRC=0
1778931632.469 +159.312s [c54x] STATE-DUMP insn=4281213425 PC=0x8217 ST0=0xc000 ST1=0x10bc INTM=0 IMR=0x0000 IFR=0x0020 XPC=3 PMST=0xfff8 SP=0x06ed AR1=0x05f5 AR2=0x000e BRC=0
1778931632.474 +159.317s [c54x] STATE-DUMP insn=4281405425 PC=0x8209 ST0=0xc000 ST1=0x10bc INTM=0 IMR=0x0000 IFR=0x0020 XPC=3 PMST=0xfff8 SP=0x06ed AR1=0x02e8 AR2=0xffff BRC=0
1778931632.482 +159.326s [c54x] STATE-DUMP insn=4281597425 PC=0x820e ST0=0xc000 ST1=0x50bc INTM=0 IMR=0x0000 IFR=0x0020 XPC=3 PMST=0xfff8 SP=0x06ed AR1=0x0341 AR2=0x0005 BRC=0
1778931632.488 +159.331s [c54x] STATE-DUMP insn=4281789425 PC=0x8214 ST0=0xc000 ST1=0xbde0 INTM=1 IMR=0x0000 IFR=0x0020 XPC=3 PMST=0xfff8 SP=0x06ed AR1=0x03e3 AR2=0x000c BRC=0
1778931632.496 +159.340s [c54x] STATE-DUMP insn=4281981425 PC=0x821a ST0=0x2000 ST1=0xbde0 INTM=1 IMR=0x0000 IFR=0x0020 XPC=3 PMST=0xfff8 SP=0x06ed AR1=0x04ce AR2=0x0012 BRC=0
1778931632.502 +159.345s [c54x] STATE-DUMP insn=4282173425 PC=0x820c ST0=0xc000 ST1=0xfde0 INTM=1 IMR=0x0000 IFR=0x0020 XPC=3 PMST=0xfff8 SP=0x06ed AR1=0x047c AR2=0xffff BRC=0
1778931632.510 +159.354s [c54x] STATE-DUMP insn=4282365425 PC=0x8211 ST0=0x0000 ST1=0xbde0 INTM=1 IMR=0x0000 IFR=0x0020 XPC=3 PMST=0xfff8 SP=0x06ed AR1=0x04ed AR2=0x0006 BRC=0
1778931632.515 +159.359s [c54x] STATE-DUMP insn=4282557425 PC=0x8217 ST0=0xc000 ST1=0x10bc INTM=0 IMR=0x0000 IFR=0x0020 XPC=3 PMST=0xfff8 SP=0x06ed AR1=0x05a7 AR2=0x000c BRC=0
1778931632.524 +159.368s [c54x] STATE-DUMP insn=4282749425 PC=0x8209 ST0=0xc000 ST1=0x10bc INTM=0 IMR=0x0000 IFR=0x0020 XPC=3 PMST=0xfff8 SP=0x06ed AR1=0x02da AR2=0xfffd BRC=0
1778931632.529 +159.373s [c54x] STATE-DUMP insn=4282941425 PC=0x820e ST0=0xc000 ST1=0x50bc INTM=0 IMR=0x0000 IFR=0x0020 XPC=3 PMST=0xfff8 SP=0x06ed AR1=0x031b AR2=0x0003 BRC=0
1778931632.538 +159.381s [c54x] STATE-DUMP insn=4283133425 PC=0x8214 ST0=0xc000 ST1=0xbde0 INTM=1 IMR=0x0000 IFR=0x0020 XPC=3 PMST=0xfff8 SP=0x06ed AR1=0x03a5 AR2=0x000a BRC=0
1778931632.543 +159.387s [c54x] STATE-DUMP insn=4283325425 PC=0x821a ST0=0x2000 ST1=0xbde0 INTM=1 IMR=0x0000 IFR=0x0020 XPC=3 PMST=0xfff8 SP=0x06ed AR1=0x04a2 AR2=0x0010 BRC=0
1778931632.552 +159.395s [c54x] STATE-DUMP insn=4283517425 PC=0x820c ST0=0xc000 ST1=0xfde0 INTM=1 IMR=0x0000 IFR=0x0020 XPC=3 PMST=0xfff8 SP=0x06ed AR1=0x0466 AR2=0xfffd BRC=0
1778931632.557 +159.401s [c54x] STATE-DUMP insn=4283709425 PC=0x8211 ST0=0xc000 ST1=0xbde0 INTM=1 IMR=0x0000 IFR=0x0020 XPC=3 PMST=0xfff8 SP=0x06ed AR1=0x04bf AR2=0x0004 BRC=0
1778931632.566 +159.409s [c54x] STATE-DUMP insn=4283901425 PC=0x8217 ST0=0xc000 ST1=0x10bc INTM=0 IMR=0x0000 IFR=0x0020 XPC=3 PMST=0xfff8 SP=0x06ed AR1=0x0561 AR2=0x000a BRC=0
1778931632.571 +159.414s [c54x] STATE-DUMP insn=4284093425 PC=0x8209 ST0=0xc000 ST1=0x10bc INTM=0 IMR=0x0000 IFR=0x0020 XPC=3 PMST=0xfff8 SP=0x06ed AR1=0x02d4 AR2=0x0010 BRC=0
1778931632.580 +159.423s [c54x] STATE-DUMP insn=4284285425 PC=0x820e ST0=0xc000 ST1=0x50bc INTM=0 IMR=0x0000 IFR=0x0020 XPC=3 PMST=0xfff8 SP=0x06ed AR1=0x02fd AR2=0x0001 BRC=0
1778931632.585 +159.428s [c54x] STATE-DUMP insn=4284477425 PC=0x8214 ST0=0x0000 ST1=0x10bc INTM=0 IMR=0x0000 IFR=0x0020 XPC=3 PMST=0xfff8 SP=0x06ed AR1=0x036f AR2=0x0008 BRC=0
1778931632.594 +159.437s [c54x] STATE-DUMP insn=4284669425 PC=0x821a ST0=0x2000 ST1=0xbde0 INTM=1 IMR=0x0000 IFR=0x0020 XPC=3 PMST=0xfff8 SP=0x06ed AR1=0x0450 AR2=0x000e BRC=0
1778931632.599 +159.442s [c54x] STATE-DUMP insn=4284861425 PC=0x820c ST0=0xc000 ST1=0xfde0 INTM=1 IMR=0x0000 IFR=0x0020 XPC=3 PMST=0xfff8 SP=0x06ed AR1=0x0458 AR2=0xfffb BRC=0
1778931632.608 +159.451s [c54x] STATE-DUMP insn=4285053425 PC=0x8211 ST0=0xc000 ST1=0xbde0 INTM=1 IMR=0x0000 IFR=0x0020 XPC=3 PMST=0xfff8 SP=0x06ed AR1=0x0499 AR2=0x0002 BRC=0
1778931632.613 +159.456s [c54x] STATE-DUMP insn=4285245425 PC=0x8217 ST0=0xc000 ST1=0x10bc INTM=0 IMR=0x0000 IFR=0x0020 XPC=3 PMST=0xfff8 SP=0x06ed AR1=0x0523 AR2=0x0008 BRC=0
1778931632.622 +159.465s [c54x] STATE-DUMP insn=4285437425 PC=0x8209 ST0=0xc000 ST1=0x10bc INTM=0 IMR=0x0000 IFR=0x0020 XPC=3 PMST=0xfff8 SP=0x06ed AR1=0x0620 AR2=0x000e BRC=0
1778931632.627 +159.470s [c54x] STATE-DUMP insn=4285629425 PC=0x820e ST0=0xc000 ST1=0x50bc INTM=0 IMR=0x0000 IFR=0x0020 XPC=3 PMST=0xfff8 SP=0x06ed AR1=0x02e7 AR2=0xffff BRC=0
1778931632.636 +159.479s [c54x] STATE-DUMP insn=4285821425 PC=0x8214 ST0=0xc000 ST1=0x10bc INTM=0 IMR=0x0000 IFR=0x0020 XPC=3 PMST=0xfff8 SP=0x06ed AR1=0x0341 AR2=0x0006 BRC=0
1778931632.641 +159.484s [c54x] STATE-DUMP insn=4286013425 PC=0x821a ST0=0x2000 ST1=0xbde0 INTM=1 IMR=0x0000 IFR=0x0028 XPC=3 PMST=0xfff8 SP=0x06ed AR1=0x0406 AR2=0x000c BRC=0
1778931632.650 +159.493s [c54x] STATE-DUMP insn=4286205425 PC=0x820c ST0=0xc000 ST1=0xfde0 INTM=1 IMR=0x0000 IFR=0x0020 XPC=3 PMST=0xfff8 SP=0x06ed AR1=0x0452 AR2=0x0012 BRC=0
1778931632.655 +159.498s [c54x] STATE-DUMP insn=4286397425 PC=0x8211 ST0=0xc000 ST1=0xbde0 INTM=1 IMR=0x0000 IFR=0x0028 XPC=3 PMST=0xfff8 SP=0x06ed AR1=0x047b AR2=0x0000 BRC=0
1778931632.664 +159.507s [c54x] STATE-DUMP insn=4286589425 PC=0x8217 ST0=0xc000 ST1=0xbde0 INTM=1 IMR=0x0000 IFR=0x0020 XPC=3 PMST=0xfff8 SP=0x06ed AR1=0x04ed AR2=0x0006 BRC=0
1778931632.669 +159.512s [c54x] STATE-DUMP insn=4286781425 PC=0x8209 ST0=0xc000 ST1=0x10bc INTM=0 IMR=0x0000 IFR=0x0028 XPC=3 PMST=0xfff8 SP=0x06ed AR1=0x05ce AR2=0x000c BRC=0
1778931632.678 +159.521s [c54x] STATE-DUMP insn=4286973425 PC=0x820e ST0=0xc000 ST1=0x50bc INTM=0 IMR=0x0000 IFR=0x0020 XPC=3 PMST=0xfff8 SP=0x06ed AR1=0x02d9 AR2=0xfffd BRC=0
1778931632.683 +159.526s [c54x] STATE-DUMP insn=4287165425 PC=0x8214 ST0=0xc000 ST1=0x10bc INTM=0 IMR=0x0000 IFR=0x0028 XPC=3 PMST=0xfff8 SP=0x06ed AR1=0x031b AR2=0x0004 BRC=0
1778931632.691 +159.535s [c54x] STATE-DUMP insn=4287357425 PC=0x821a ST0=0x2000 ST1=0xbde0 INTM=1 IMR=0x0000 IFR=0x0020 XPC=3 PMST=0xfff8 SP=0x06ed AR1=0x03c4 AR2=0x000a BRC=0
1778931632.697 +159.540s [c54x] STATE-DUMP insn=4287549425 PC=0x820c ST0=0xc000 ST1=0xfde0 INTM=1 IMR=0x0000 IFR=0x0020 XPC=3 PMST=0xfff8 SP=0x06ed AR1=0x04a2 AR2=0x0010 BRC=0
1778931632.705 +159.549s [c54x] STATE-DUMP insn=4287741425 PC=0x8211 ST0=0xc000 ST1=0xbde0 INTM=1 IMR=0x0000 IFR=0x0020 XPC=3 PMST=0xfff8 SP=0x06ed AR1=0x0465 AR2=0xfffe BRC=0
1778931632.710 +159.554s [c54x] STATE-DUMP insn=4287933425 PC=0x8217 ST0=0xc000 ST1=0xbde0 INTM=1 IMR=0x0000 IFR=0x0020 XPC=3 PMST=0xfff8 SP=0x06ed AR1=0x04bf AR2=0x0004 BRC=0
1778931632.719 +159.563s [c54x] STATE-DUMP insn=4288125425 PC=0x8209 ST0=0xc000 ST1=0x10bc INTM=0 IMR=0x0000 IFR=0x0020 XPC=3 PMST=0xfff8 SP=0x06ed AR1=0x0584 AR2=0x000a BRC=0
1778931632.724 +159.568s [c54x] STATE-DUMP insn=4288317425 PC=0x820e ST0=0xc000 ST1=0x50bc INTM=0 IMR=0x0000 IFR=0x0020 XPC=3 PMST=0xfff8 SP=0x06ed AR1=0x02d3 AR2=0x0010 BRC=0
1778931632.733 +159.577s [c54x] STATE-DUMP insn=4288509425 PC=0x8214 ST0=0xc000 ST1=0x10bc INTM=0 IMR=0x0000 IFR=0x0020 XPC=3 PMST=0xfff8 SP=0x06ed AR1=0x02fd AR2=0x0002 BRC=0
1778931632.738 +159.582s [c54x] STATE-DUMP insn=4288701425 PC=0x821a ST0=0x2000 ST1=0x10bc INTM=0 IMR=0x0000 IFR=0x0020 XPC=3 PMST=0xfff8 SP=0x06ed AR1=0x038a AR2=0x0008 BRC=0
1778931632.747 +159.590s [c54x] STATE-DUMP insn=4288893425 PC=0x820c ST0=0xc000 ST1=0xfde0 INTM=1 IMR=0x0000 IFR=0x0020 XPC=3 PMST=0xfff8 SP=0x06ed AR1=0x0450 AR2=0x000e BRC=0
1778931632.752 +159.595s [c54x] STATE-DUMP insn=4289085425 PC=0x8211 ST0=0xc000 ST1=0xbde0 INTM=1 IMR=0x0000 IFR=0x0020 XPC=3 PMST=0xfff8 SP=0x06ed AR1=0x0457 AR2=0xfffc BRC=0
1778931632.761 +159.604s [c54x] STATE-DUMP insn=4289277425 PC=0x8217 ST0=0xc000 ST1=0xbde0 INTM=1 IMR=0x0000 IFR=0x0020 XPC=3 PMST=0xfff8 SP=0x06ed AR1=0x0499 AR2=0x0002 BRC=0
1778931632.766 +159.609s [c54x] STATE-DUMP insn=4289469425 PC=0x8209 ST0=0xc000 ST1=0x10bc INTM=0 IMR=0x0000 IFR=0x0020 XPC=3 PMST=0xfff8 SP=0x06ed AR1=0x0542 AR2=0x0008 BRC=0
1778931632.775 +159.618s [c54x] STATE-DUMP insn=4289661425 PC=0x820e ST0=0xc000 ST1=0x50bc INTM=0 IMR=0x0000 IFR=0x0020 XPC=3 PMST=0xfff8 SP=0x06ed AR1=0x061f AR2=0x000e BRC=0
1778931632.780 +159.623s [c54x] STATE-DUMP insn=4289853425 PC=0x8214 ST0=0xc000 ST1=0x10bc INTM=0 IMR=0x0000 IFR=0x0020 XPC=3 PMST=0xfff8 SP=0x06ed AR1=0x02e7 AR2=0x0000 BRC=0
1778931632.789 +159.632s [c54x] STATE-DUMP insn=4290045425 PC=0x821a ST0=0x2000 ST1=0x10bc INTM=0 IMR=0x0000 IFR=0x0020 XPC=3 PMST=0xfff8 SP=0x06ed AR1=0x0358 AR2=0x0006 BRC=0
1778931632.794 +159.637s [c54x] STATE-DUMP insn=4290237425 PC=0x820c ST0=0xc000 ST1=0xfde0 INTM=1 IMR=0x0000 IFR=0x0028 XPC=3 PMST=0xfff8 SP=0x06ed AR1=0x0406 AR2=0x000c BRC=0
1778931632.803 +159.646s [c54x] STATE-DUMP insn=4290429425 PC=0x8211 ST0=0xc000 ST1=0xbde0 INTM=1 IMR=0x0000 IFR=0x0020 XPC=3 PMST=0xfff8 SP=0x06ed AR1=0x0451 AR2=0x0013 BRC=0
1778931632.808 +159.651s [c54x] STATE-DUMP insn=4290621425 PC=0x8217 ST0=0xc000 ST1=0xbde0 INTM=1 IMR=0x0000 IFR=0x0020 XPC=3 PMST=0xfff8 SP=0x06ed AR1=0x047b AR2=0x0000 BRC=0
1778931632.817 +159.660s [c54x] STATE-DUMP insn=4290813425 PC=0x8209 ST0=0xc000 ST1=0x10bc INTM=0 IMR=0x0000 IFR=0x0020 XPC=3 PMST=0xfff8 SP=0x06ed AR1=0x0508 AR2=0x0006 BRC=0
1778931632.822 +159.665s [c54x] STATE-DUMP insn=4291005425 PC=0x820e ST0=0xc000 ST1=0x50bc INTM=0 IMR=0x0000 IFR=0x0020 XPC=3 PMST=0xfff8 SP=0x06ed AR1=0x05cd AR2=0x000c BRC=0
1778931632.831 +159.674s [c54x] STATE-DUMP insn=4291197425 PC=0x8214 ST0=0xc000 ST1=0x10bc INTM=0 IMR=0x0000 IFR=0x0020 XPC=3 PMST=0xfff8 SP=0x06ed AR1=0x02d9 AR2=0xfffe BRC=0
1778931632.836 +159.679s [c54x] STATE-DUMP insn=4291389425 PC=0x821a ST0=0x2000 ST1=0x10bc INTM=0 IMR=0x0000 IFR=0x0028 XPC=3 PMST=0xfff8 SP=0x06ed AR1=0x032e AR2=0x0004 BRC=0
1778931632.845 +159.688s [c54x] STATE-DUMP insn=4291581425 PC=0x820c ST0=0xc000 ST1=0xfde0 INTM=1 IMR=0x0000 IFR=0x0020 XPC=3 PMST=0xfff8 SP=0x06ed AR1=0x03c4 AR2=0x000a BRC=0
1778931632.850 +159.693s [c54x] STATE-DUMP insn=4291773425 PC=0x8211 ST0=0xc000 ST1=0xbde0 INTM=1 IMR=0x0000 IFR=0x0028 XPC=3 PMST=0xfff8 SP=0x06ed AR1=0x04a1 AR2=0x0011 BRC=0
1778931632.859 +159.702s [c54x] STATE-DUMP insn=4291965425 PC=0x8217 ST0=0xc000 ST1=0xbde0 INTM=1 IMR=0x0000 IFR=0x0020 XPC=3 PMST=0xfff8 SP=0x06ed AR1=0x0465 AR2=0xfffe BRC=0
1778931632.870 +159.713s [c54x] STATE-DUMP insn=4292157425 PC=0x8209 ST0=0xc000 ST1=0xbde0 INTM=1 IMR=0x0000 IFR=0x0020 XPC=3 PMST=0xfff8 SP=0x06ed AR1=0x04d6 AR2=0x0004 BRC=0
1778931632.872 +159.716s [c54x] STATE-DUMP insn=4292349425 PC=0x820e ST0=0xc000 ST1=0x50bc INTM=0 IMR=0x0000 IFR=0x0020 XPC=3 PMST=0xfff8 SP=0x06ed AR1=0x0583 AR2=0x000a BRC=0
1778931632.878 +159.721s [c54x] STATE-DUMP insn=4292541425 PC=0x8214 ST0=0xc000 ST1=0x10bc INTM=0 IMR=0x0000 IFR=0x0020 XPC=3 PMST=0xfff8 SP=0x06ed AR1=0x02d3 AR2=0x0011 BRC=0
1778931632.886 +159.730s [c54x] STATE-DUMP insn=4292733425 PC=0x821a ST0=0x2000 ST1=0x10bc INTM=0 IMR=0x0000 IFR=0x0020 XPC=3 PMST=0xfff8 SP=0x06ed AR1=0x030c AR2=0x0002 BRC=0
